{"level":"info","message":"✅ Servidor rodando na porta 5000 – Pronto pra cadastro de plantões diários!","timestamp":"2025-11-13T07:56:02.987Z"}
{"level":"warn","message":"Rota não encontrada: GET /cadastro-usuarios de ::1","timestamp":"2025-11-13T07:57:02.264Z"}
{"level":"warn","message":"Rota não encontrada: GET /favicon.ico de ::1","timestamp":"2025-11-13T07:57:02.449Z"}
{"level":"info","message":"Acesso à raiz: ::1 em 2025-11-13T07:57:09.822Z","timestamp":"2025-11-13T07:57:09.822Z"}
{"level":"info","message":"Health check OK","timestamp":"2025-11-13T07:57:36.424Z"}
{"level":"warn","message":"Rota não encontrada: GET /auth/login de ::1","timestamp":"2025-11-13T07:57:58.475Z"}
{"level":"warn","message":"Rota não encontrada: GET /auth/login de ::1","timestamp":"2025-11-13T07:58:28.238Z"}
{"level":"warn","message":"Rota não encontrada: GET /auth/login de ::1","timestamp":"2025-11-13T07:58:32.515Z"}
{"level":"info","message":"✅ Servidor rodando na porta 5000 – Pronto pra cadastro de plantões diários!","timestamp":"2025-11-13T08:01:00.667Z"}
{"level":"warn","message":"Rota não encontrada: GET /auth/login de ::1","timestamp":"2025-11-13T08:01:00.912Z"}
{"level":"warn","message":"Rota não encontrada: GET /auth/login de ::1","timestamp":"2025-11-13T08:01:06.679Z"}
{"level":"info","message":"✅ Servidor rodando na porta 5000 – Pronto pra cadastro de plantões diários!","timestamp":"2025-11-13T08:04:29.893Z"}
{"level":"warn","message":"Rota não encontrada: GET /auth/login de ::1","timestamp":"2025-11-13T08:04:30.102Z"}
{"level":"warn","message":"Rota não encontrada: GET /auth/login de ::1","timestamp":"2025-11-13T08:06:50.853Z"}
{"level":"warn","message":"Rota não encontrada: GET /auth/login de ::1","timestamp":"2025-11-13T08:09:18.308Z"}
{"level":"warn","message":"Rota não encontrada: GET /auth/login de ::1","timestamp":"2025-11-13T08:09:19.321Z"}
{"level":"info","message":"Acesso à raiz: ::1 em 2025-11-13T08:09:22.976Z","timestamp":"2025-11-13T08:09:22.976Z"}
{"level":"warn","message":"Rota não encontrada: GET /teste-db de ::1","timestamp":"2025-11-13T08:09:32.030Z"}
{"level":"warn","message":"Rota não encontrada: GET /teste de ::1","timestamp":"2025-11-13T08:09:41.096Z"}
{"level":"info","message":"✅ Servidor rodando na porta 5000 – Pronto pra cadastro de plantões diários!","timestamp":"2025-11-13T08:12:29.693Z"}
{"level":"warn","message":"Rota não encontrada: GET /auth/login de ::1","timestamp":"2025-11-13T08:13:15.210Z"}
{"level":"info","message":"✅ Servidor rodando na porta 5000 – Pronto pra cadastro de plantões diários!","timestamp":"2025-11-13T08:16:12.355Z"}
{"level":"info","message":"✅ Servidor rodando na porta 5000 – Pronto pra cadastro de plantões diários!","timestamp":"2025-11-13T08:16:22.697Z"}
{"level":"info","message":"✅ Servidor rodando na porta 5000 – Pronto pra cadastro de plantões diários!","timestamp":"2025-11-13T08:16:29.910Z"}
{"level":"info","message":"✅ Servidor rodando na porta 5000 – Pronto pra cadastro de plantões diários!","timestamp":"2025-11-13T08:16:35.910Z"}
{"level":"info","message":"✅ Servidor rodando na porta 5000 – Pronto pra cadastro de plantões diários!","timestamp":"2025-11-13T08:16:37.797Z"}
{"level":"info","message":"✅ Servidor rodando na porta 5000 – Pronto pra cadastro de plantões diários!","timestamp":"2025-11-13T08:16:44.147Z"}
{"level":"info","message":"✅ Servidor rodando na porta 5000 – Pronto pra cadastro de plantões diários!","timestamp":"2025-11-13T08:16:50.309Z"}
{"level":"info","message":"✅ Servidor rodando na porta 5000 – Pronto pra cadastro de plantões diários!","timestamp":"2025-11-13T08:16:53.232Z"}
{"level":"info","message":"✅ Servidor rodando na porta 5000 – Pronto pra cadastro de plantões diários!","timestamp":"2025-11-13T08:17:09.338Z"}
{"level":"info","message":"✅ Servidor rodando na porta 5000 – Pronto pra cadastro de plantões diários!","timestamp":"2025-11-13T08:17:15.447Z"}
{"level":"info","message":"✅ Servidor rodando na porta 5000 – Pronto pra cadastro de plantões diários!","timestamp":"2025-11-13T08:17:18.064Z"}
{"level":"warn","message":"Rota não encontrada: GET /auth/login de ::1","timestamp":"2025-11-13T08:17:25.125Z"}
{"level":"warn","message":"Rota não encontrada: GET /auth/login de ::1","timestamp":"2025-11-13T08:18:11.130Z"}
{"level":"warn","message":"Rota não encontrada: GET /auth/login de ::1","timestamp":"2025-11-13T08:22:18.741Z"}
{"level":"info","message":"✅ Servidor rodando na porta 5000 – Pronto pra cadastro de plantões diários!","timestamp":"2025-11-13T08:25:23.013Z"}
{"level":"info","message":"Acesso à raiz: ::1","timestamp":"2025-11-13T08:25:32.780Z"}
{"level":"warn","message":"Rota não encontrada: GET /auth/login de ::1","timestamp":"2025-11-13T08:25:58.345Z"}
{"level":"warn","message":"Rota não encontrada: GET /auth/login de ::1","timestamp":"2025-11-13T08:25:59.415Z"}
{"level":"info","message":"✅ Servidor rodando na porta 5000 – Pronto pra cadastro de plantões diários!","timestamp":"2025-11-13T08:34:26.296Z"}
{"level":"warn","message":"Rota não encontrada: GET /auth/login de ::1","timestamp":"2025-11-13T08:34:30.233Z"}
{"level":"info","message":"✅ Servidor rodando na porta 5000 – Pronto pra cadastro de plantões diários!","timestamp":"2025-11-13T08:37:32.915Z"}
{"level":"warn","message":"Rota não encontrada: GET /auth/login de ::1","timestamp":"2025-11-13T08:37:36.305Z"}
{"level":"warn","message":"Rota não encontrada: GET /auth/login de ::1","timestamp":"2025-11-13T08:37:38.131Z"}
{"level":"warn","message":"Rota não encontrada: GET /auth/login de ::1","timestamp":"2025-11-13T08:37:38.387Z"}
{"level":"warn","message":"Rota não encontrada: GET /auth/login de ::1","timestamp":"2025-11-13T08:37:38.595Z"}
{"level":"warn","message":"Rota não encontrada: GET /auth/login de ::1","timestamp":"2025-11-13T08:37:38.787Z"}
{"level":"info","message":"✅ Servidor rodando na porta 5000 – Pronto pra cadastro de plantões diários!","timestamp":"2025-11-13T08:38:39.996Z"}
{"level":"info","message":"✅ Servidor rodando na porta 5000 – Pronto pra cadastro de plantões diários!","timestamp":"2025-11-13T08:43:36.768Z"}
{"level":"info","message":"✅ Servidor rodando na porta 5000 – Pronto pra cadastro de plantões diários!","timestamp":"2025-11-13T08:43:42.323Z"}
{"level":"warn","message":"Rota não encontrada: GET /auth/login de ::1","timestamp":"2025-11-13T08:43:42.423Z"}
{"level":"warn","message":"Rota não encontrada: GET /auth/login de ::1","timestamp":"2025-11-13T08:43:43.274Z"}
{"level":"warn","message":"Rota não encontrada: GET /auth/login de ::1","timestamp":"2025-11-13T08:43:53.249Z"}
{"level":"warn","message":"Rota não encontrada: GET /auth/login de ::1","timestamp":"2025-11-13T08:43:53.840Z"}
{"level":"warn","message":"Rota não encontrada: GET /auth/login de ::1","timestamp":"2025-11-13T08:43:54.030Z"}
{"level":"warn","message":"Rota não encontrada: GET /auth/login de ::1","timestamp":"2025-11-13T08:43:54.231Z"}
{"level":"warn","message":"Rota não encontrada: GET /auth/login de ::1","timestamp":"2025-11-13T08:43:54.423Z"}
{"level":"warn","message":"Rota não encontrada: GET /auth/login de ::1","timestamp":"2025-11-13T08:43:54.616Z"}
{"level":"warn","message":"Rota não encontrada: GET /auth/login de ::1","timestamp":"2025-11-13T08:43:54.808Z"}
{"level":"warn","message":"Rota não encontrada: GET /auth/login de ::1","timestamp":"2025-11-13T08:43:55.030Z"}
{"level":"warn","message":"Rota não encontrada: GET /auth/login de ::1","timestamp":"2025-11-13T08:43:55.230Z"}
{"level":"warn","message":"Rota não encontrada: GET /auth/login de ::1","timestamp":"2025-11-13T08:48:23.841Z"}
{"level":"warn","message":"Rota não encontrada: GET /auth/login de ::1","timestamp":"2025-11-13T08:48:24.358Z"}
{"level":"warn","message":"Rota não encontrada: GET /auth/login de ::1","timestamp":"2025-11-13T08:48:24.543Z"}
{"level":"warn","message":"Rota não encontrada: GET /.well-known/appspecific/com.chrome.devtools.json de ::1","timestamp":"2025-11-13T08:50:31.498Z"}
{"level":"warn","message":"Rota não encontrada: GET /.well-known/appspecific/com.chrome.devtools.json de ::1","timestamp":"2025-11-13T08:50:38.791Z"}
{"level":"warn","message":"Rota não encontrada: GET /.well-known/appspecific/com.chrome.devtools.json de ::1","timestamp":"2025-11-13T08:50:39.448Z"}
{"level":"info","message":"✅ Servidor rodando na porta 5000 – Pronto pra cadastro de plantões diários!","timestamp":"2025-11-13T08:53:47.118Z"}
